[INFO  - 2019-05-28T17:54:42.324Z] GhostDriver - Main - running on port 24955
[INFO  - 2019-05-28T17:54:43.576Z] Session [ac6ddf00-8171-11e9-8818-1b67eff1318e] - page.settings - {"XSSAuditingEnabled":false,"javascriptCanCloseWindows":true,"javascriptCanOpenWindows":true,"javascriptEnabled":true,"loadImages":true,"localToRemoteUrlAccessEnabled":false,"userAgent":"Mozilla/5.0 (Windows NT 6.2; WOW64) AppleWebKit/538.1 (KHTML, like Gecko) PhantomJS/2.1.1 Safari/538.1","webSecurityEnabled":true}
[INFO  - 2019-05-28T17:54:43.577Z] Session [ac6ddf00-8171-11e9-8818-1b67eff1318e] - page.customHeaders:  - {}
[INFO  - 2019-05-28T17:54:43.578Z] Session [ac6ddf00-8171-11e9-8818-1b67eff1318e] - Session.negotiatedCapabilities - {"browserName":"phantomjs","version":"2.1.1","driverName":"ghostdriver","driverVersion":"1.2.0","platform":"windows-10-32bit","javascriptEnabled":true,"takesScreenshot":true,"handlesAlerts":false,"databaseEnabled":false,"locationContextEnabled":false,"applicationCacheEnabled":false,"browserConnectionEnabled":false,"cssSelectorsEnabled":true,"webStorageEnabled":false,"rotatable":false,"acceptSslCerts":false,"nativeEvents":true,"proxy":{"proxyType":"direct"}}
[INFO  - 2019-05-28T17:54:43.578Z] SessionManagerReqHand - _postNewSessionCommand - New Session Created: ac6ddf00-8171-11e9-8818-1b67eff1318e
[INFO  - 2019-05-28T17:54:59.352Z] ShutdownReqHand - _handle - About to shutdown
[INFO  - 2019-05-28T17:57:58.546Z] GhostDriver - Main - running on port 42023
[INFO  - 2019-05-28T17:57:58.941Z] Session [20e08270-8172-11e9-83c9-c9532113a243] - page.settings - {"XSSAuditingEnabled":false,"javascriptCanCloseWindows":true,"javascriptCanOpenWindows":true,"javascriptEnabled":true,"loadImages":true,"localToRemoteUrlAccessEnabled":false,"userAgent":"Mozilla/5.0 (Windows NT 6.2; WOW64) AppleWebKit/538.1 (KHTML, like Gecko) PhantomJS/2.1.1 Safari/538.1","webSecurityEnabled":true}
[INFO  - 2019-05-28T17:57:58.941Z] Session [20e08270-8172-11e9-83c9-c9532113a243] - page.customHeaders:  - {}
[INFO  - 2019-05-28T17:57:58.941Z] Session [20e08270-8172-11e9-83c9-c9532113a243] - Session.negotiatedCapabilities - {"browserName":"phantomjs","version":"2.1.1","driverName":"ghostdriver","driverVersion":"1.2.0","platform":"windows-10-32bit","javascriptEnabled":true,"takesScreenshot":true,"handlesAlerts":false,"databaseEnabled":false,"locationContextEnabled":false,"applicationCacheEnabled":false,"browserConnectionEnabled":false,"cssSelectorsEnabled":true,"webStorageEnabled":false,"rotatable":false,"acceptSslCerts":false,"nativeEvents":true,"proxy":{"proxyType":"direct"}}
[INFO  - 2019-05-28T17:57:58.942Z] SessionManagerReqHand - _postNewSessionCommand - New Session Created: 20e08270-8172-11e9-83c9-c9532113a243
[INFO  - 2019-05-28T17:58:11.217Z] ShutdownReqHand - _handle - About to shutdown
[INFO  - 2019-05-28T17:58:26.876Z] GhostDriver - Main - running on port 60153
[INFO  - 2019-05-28T17:58:27.325Z] Session [31cb9070-8172-11e9-9524-91bf7e3803ca] - page.settings - {"XSSAuditingEnabled":false,"javascriptCanCloseWindows":true,"javascriptCanOpenWindows":true,"javascriptEnabled":true,"loadImages":true,"localToRemoteUrlAccessEnabled":false,"userAgent":"Mozilla/5.0 (Windows NT 6.2; WOW64) AppleWebKit/538.1 (KHTML, like Gecko) PhantomJS/2.1.1 Safari/538.1","webSecurityEnabled":true}
[INFO  - 2019-05-28T17:58:27.325Z] Session [31cb9070-8172-11e9-9524-91bf7e3803ca] - page.customHeaders:  - {}
[INFO  - 2019-05-28T17:58:27.325Z] Session [31cb9070-8172-11e9-9524-91bf7e3803ca] - Session.negotiatedCapabilities - {"browserName":"phantomjs","version":"2.1.1","driverName":"ghostdriver","driverVersion":"1.2.0","platform":"windows-10-32bit","javascriptEnabled":true,"takesScreenshot":true,"handlesAlerts":false,"databaseEnabled":false,"locationContextEnabled":false,"applicationCacheEnabled":false,"browserConnectionEnabled":false,"cssSelectorsEnabled":true,"webStorageEnabled":false,"rotatable":false,"acceptSslCerts":false,"nativeEvents":true,"proxy":{"proxyType":"direct"}}
[INFO  - 2019-05-28T17:58:27.326Z] SessionManagerReqHand - _postNewSessionCommand - New Session Created: 31cb9070-8172-11e9-9524-91bf7e3803ca
[INFO  - 2019-05-28T17:58:37.079Z] ShutdownReqHand - _handle - About to shutdown
[INFO  - 2019-05-28T18:10:56.832Z] GhostDriver - Main - running on port 17087
[INFO  - 2019-05-28T18:10:57.339Z] Session [f0d6c560-8173-11e9-a9eb-b9f99bb006db] - page.settings - {"XSSAuditingEnabled":false,"javascriptCanCloseWindows":true,"javascriptCanOpenWindows":true,"javascriptEnabled":true,"loadImages":true,"localToRemoteUrlAccessEnabled":false,"userAgent":"Mozilla/5.0 (Windows NT 6.2; WOW64) AppleWebKit/538.1 (KHTML, like Gecko) PhantomJS/2.1.1 Safari/538.1","webSecurityEnabled":true}
[INFO  - 2019-05-28T18:10:57.340Z] Session [f0d6c560-8173-11e9-a9eb-b9f99bb006db] - page.customHeaders:  - {}
[INFO  - 2019-05-28T18:10:57.340Z] Session [f0d6c560-8173-11e9-a9eb-b9f99bb006db] - Session.negotiatedCapabilities - {"browserName":"phantomjs","version":"2.1.1","driverName":"ghostdriver","driverVersion":"1.2.0","platform":"windows-10-32bit","javascriptEnabled":true,"takesScreenshot":true,"handlesAlerts":false,"databaseEnabled":false,"locationContextEnabled":false,"applicationCacheEnabled":false,"browserConnectionEnabled":false,"cssSelectorsEnabled":true,"webStorageEnabled":false,"rotatable":false,"acceptSslCerts":false,"nativeEvents":true,"proxy":{"proxyType":"direct"}}
[INFO  - 2019-05-28T18:10:57.340Z] SessionManagerReqHand - _postNewSessionCommand - New Session Created: f0d6c560-8173-11e9-a9eb-b9f99bb006db
[INFO  - 2019-05-28T18:10:57.480Z] ShutdownReqHand - _handle - About to shutdown
[INFO  - 2019-05-28T18:13:41.803Z] GhostDriver - Main - running on port 58432
[INFO  - 2019-05-28T18:13:42.152Z] Session [53131620-8174-11e9-ac39-bda84dd01369] - page.settings - {"XSSAuditingEnabled":false,"javascriptCanCloseWindows":true,"javascriptCanOpenWindows":true,"javascriptEnabled":true,"loadImages":true,"localToRemoteUrlAccessEnabled":false,"userAgent":"Mozilla/5.0 (Windows NT 6.2; WOW64) AppleWebKit/538.1 (KHTML, like Gecko) PhantomJS/2.1.1 Safari/538.1","webSecurityEnabled":true}
[INFO  - 2019-05-28T18:13:42.152Z] Session [53131620-8174-11e9-ac39-bda84dd01369] - page.customHeaders:  - {}
[INFO  - 2019-05-28T18:13:42.152Z] Session [53131620-8174-11e9-ac39-bda84dd01369] - Session.negotiatedCapabilities - {"browserName":"phantomjs","version":"2.1.1","driverName":"ghostdriver","driverVersion":"1.2.0","platform":"windows-10-32bit","javascriptEnabled":true,"takesScreenshot":true,"handlesAlerts":false,"databaseEnabled":false,"locationContextEnabled":false,"applicationCacheEnabled":false,"browserConnectionEnabled":false,"cssSelectorsEnabled":true,"webStorageEnabled":false,"rotatable":false,"acceptSslCerts":false,"nativeEvents":true,"proxy":{"proxyType":"direct"}}
[INFO  - 2019-05-28T18:13:42.152Z] SessionManagerReqHand - _postNewSessionCommand - New Session Created: 53131620-8174-11e9-ac39-bda84dd01369
[INFO  - 2019-05-28T18:13:51.827Z] ShutdownReqHand - _handle - About to shutdown
[INFO  - 2019-05-28T18:45:18.886Z] GhostDriver - Main - running on port 15806
[INFO  - 2019-05-28T18:45:19.157Z] Session [bdc713f0-8178-11e9-b3c7-6be7c8b7bc70] - page.settings - {"XSSAuditingEnabled":false,"javascriptCanCloseWindows":true,"javascriptCanOpenWindows":true,"javascriptEnabled":true,"loadImages":true,"localToRemoteUrlAccessEnabled":false,"userAgent":"Mozilla/5.0 (Windows NT 6.2; WOW64) AppleWebKit/538.1 (KHTML, like Gecko) PhantomJS/2.1.1 Safari/538.1","webSecurityEnabled":true}
[INFO  - 2019-05-28T18:45:19.157Z] Session [bdc713f0-8178-11e9-b3c7-6be7c8b7bc70] - page.customHeaders:  - {}
[INFO  - 2019-05-28T18:45:19.157Z] Session [bdc713f0-8178-11e9-b3c7-6be7c8b7bc70] - Session.negotiatedCapabilities - {"browserName":"phantomjs","version":"2.1.1","driverName":"ghostdriver","driverVersion":"1.2.0","platform":"windows-10-32bit","javascriptEnabled":true,"takesScreenshot":true,"handlesAlerts":false,"databaseEnabled":false,"locationContextEnabled":false,"applicationCacheEnabled":false,"browserConnectionEnabled":false,"cssSelectorsEnabled":true,"webStorageEnabled":false,"rotatable":false,"acceptSslCerts":false,"nativeEvents":true,"proxy":{"proxyType":"direct"}}
[INFO  - 2019-05-28T18:45:19.158Z] SessionManagerReqHand - _postNewSessionCommand - New Session Created: bdc713f0-8178-11e9-b3c7-6be7c8b7bc70
[INFO  - 2019-05-28T18:45:28.220Z] ShutdownReqHand - _handle - About to shutdown
[INFO  - 2019-05-28T18:53:48.559Z] GhostDriver - Main - running on port 46212
[INFO  - 2019-05-28T18:53:48.903Z] Session [ed9bd6f0-8179-11e9-bc9b-a700e1783456] - page.settings - {"XSSAuditingEnabled":false,"javascriptCanCloseWindows":true,"javascriptCanOpenWindows":true,"javascriptEnabled":true,"loadImages":true,"localToRemoteUrlAccessEnabled":false,"userAgent":"Mozilla/5.0 (Windows NT 6.2; WOW64) AppleWebKit/538.1 (KHTML, like Gecko) PhantomJS/2.1.1 Safari/538.1","webSecurityEnabled":true}
[INFO  - 2019-05-28T18:53:48.904Z] Session [ed9bd6f0-8179-11e9-bc9b-a700e1783456] - page.customHeaders:  - {}
[INFO  - 2019-05-28T18:53:48.904Z] Session [ed9bd6f0-8179-11e9-bc9b-a700e1783456] - Session.negotiatedCapabilities - {"browserName":"phantomjs","version":"2.1.1","driverName":"ghostdriver","driverVersion":"1.2.0","platform":"windows-10-32bit","javascriptEnabled":true,"takesScreenshot":true,"handlesAlerts":false,"databaseEnabled":false,"locationContextEnabled":false,"applicationCacheEnabled":false,"browserConnectionEnabled":false,"cssSelectorsEnabled":true,"webStorageEnabled":false,"rotatable":false,"acceptSslCerts":false,"nativeEvents":true,"proxy":{"proxyType":"direct"}}
[INFO  - 2019-05-28T18:53:48.904Z] SessionManagerReqHand - _postNewSessionCommand - New Session Created: ed9bd6f0-8179-11e9-bc9b-a700e1783456
[INFO  - 2019-05-28T18:53:57.694Z] ShutdownReqHand - _handle - About to shutdown
[INFO  - 2019-05-28T19:13:12.507Z] GhostDriver - Main - running on port 22240
[INFO  - 2019-05-28T19:13:12.971Z] Session [a372fa60-817c-11e9-85b6-0103c03c632f] - page.settings - {"XSSAuditingEnabled":false,"javascriptCanCloseWindows":true,"javascriptCanOpenWindows":true,"javascriptEnabled":true,"loadImages":true,"localToRemoteUrlAccessEnabled":false,"userAgent":"Mozilla/5.0 (Windows NT 6.2; WOW64) AppleWebKit/538.1 (KHTML, like Gecko) PhantomJS/2.1.1 Safari/538.1","webSecurityEnabled":true}
[INFO  - 2019-05-28T19:13:12.972Z] Session [a372fa60-817c-11e9-85b6-0103c03c632f] - page.customHeaders:  - {}
[INFO  - 2019-05-28T19:13:12.972Z] Session [a372fa60-817c-11e9-85b6-0103c03c632f] - Session.negotiatedCapabilities - {"browserName":"phantomjs","version":"2.1.1","driverName":"ghostdriver","driverVersion":"1.2.0","platform":"windows-10-32bit","javascriptEnabled":true,"takesScreenshot":true,"handlesAlerts":false,"databaseEnabled":false,"locationContextEnabled":false,"applicationCacheEnabled":false,"browserConnectionEnabled":false,"cssSelectorsEnabled":true,"webStorageEnabled":false,"rotatable":false,"acceptSslCerts":false,"nativeEvents":true,"proxy":{"proxyType":"direct"}}
[INFO  - 2019-05-28T19:13:12.972Z] SessionManagerReqHand - _postNewSessionCommand - New Session Created: a372fa60-817c-11e9-85b6-0103c03c632f
[INFO  - 2019-05-28T19:13:18.596Z] ShutdownReqHand - _handle - About to shutdown
[INFO  - 2019-05-28T19:23:34.382Z] GhostDriver - Main - running on port 62605
[INFO  - 2019-05-28T19:23:35.288Z] Session [1660dd20-817e-11e9-a97b-7bd024d500c9] - page.settings - {"XSSAuditingEnabled":false,"javascriptCanCloseWindows":true,"javascriptCanOpenWindows":true,"javascriptEnabled":true,"loadImages":true,"localToRemoteUrlAccessEnabled":false,"userAgent":"Mozilla/5.0 (Windows NT 6.2; WOW64) AppleWebKit/538.1 (KHTML, like Gecko) PhantomJS/2.1.1 Safari/538.1","webSecurityEnabled":true}
[INFO  - 2019-05-28T19:23:35.288Z] Session [1660dd20-817e-11e9-a97b-7bd024d500c9] - page.customHeaders:  - {}
[INFO  - 2019-05-28T19:23:35.289Z] Session [1660dd20-817e-11e9-a97b-7bd024d500c9] - Session.negotiatedCapabilities - {"browserName":"phantomjs","version":"2.1.1","driverName":"ghostdriver","driverVersion":"1.2.0","platform":"windows-10-32bit","javascriptEnabled":true,"takesScreenshot":true,"handlesAlerts":false,"databaseEnabled":false,"locationContextEnabled":false,"applicationCacheEnabled":false,"browserConnectionEnabled":false,"cssSelectorsEnabled":true,"webStorageEnabled":false,"rotatable":false,"acceptSslCerts":false,"nativeEvents":true,"proxy":{"proxyType":"direct"}}
[INFO  - 2019-05-28T19:23:35.289Z] SessionManagerReqHand - _postNewSessionCommand - New Session Created: 1660dd20-817e-11e9-a97b-7bd024d500c9
[INFO  - 2019-05-28T19:23:37.981Z] ShutdownReqHand - _handle - About to shutdown
[INFO  - 2019-05-31T11:34:06.007Z] GhostDriver - Main - running on port 29140
[INFO  - 2019-05-31T11:34:07.253Z] Session [0028c3d0-8398-11e9-b19e-e9dc6af88231] - page.settings - {"XSSAuditingEnabled":false,"javascriptCanCloseWindows":true,"javascriptCanOpenWindows":true,"javascriptEnabled":true,"loadImages":true,"localToRemoteUrlAccessEnabled":false,"userAgent":"Mozilla/5.0 (Windows NT 6.2; WOW64) AppleWebKit/538.1 (KHTML, like Gecko) PhantomJS/2.1.1 Safari/538.1","webSecurityEnabled":true}
[INFO  - 2019-05-31T11:34:07.253Z] Session [0028c3d0-8398-11e9-b19e-e9dc6af88231] - page.customHeaders:  - {}
[INFO  - 2019-05-31T11:34:07.253Z] Session [0028c3d0-8398-11e9-b19e-e9dc6af88231] - Session.negotiatedCapabilities - {"browserName":"phantomjs","version":"2.1.1","driverName":"ghostdriver","driverVersion":"1.2.0","platform":"windows-10-32bit","javascriptEnabled":true,"takesScreenshot":true,"handlesAlerts":false,"databaseEnabled":false,"locationContextEnabled":false,"applicationCacheEnabled":false,"browserConnectionEnabled":false,"cssSelectorsEnabled":true,"webStorageEnabled":false,"rotatable":false,"acceptSslCerts":false,"nativeEvents":true,"proxy":{"proxyType":"direct"}}
[INFO  - 2019-05-31T11:34:07.254Z] SessionManagerReqHand - _postNewSessionCommand - New Session Created: 0028c3d0-8398-11e9-b19e-e9dc6af88231
[INFO  - 2019-05-31T11:34:12.028Z] ShutdownReqHand - _handle - About to shutdown
[INFO  - 2019-05-31T11:39:38.463Z] GhostDriver - Main - running on port 9977
[INFO  - 2019-05-31T11:39:39.239Z] Session [c608e490-8398-11e9-be38-3d65450737b0] - page.settings - {"XSSAuditingEnabled":false,"javascriptCanCloseWindows":true,"javascriptCanOpenWindows":true,"javascriptEnabled":true,"loadImages":true,"localToRemoteUrlAccessEnabled":false,"userAgent":"Mozilla/5.0 (Windows NT 6.2; WOW64) AppleWebKit/538.1 (KHTML, like Gecko) PhantomJS/2.1.1 Safari/538.1","webSecurityEnabled":true}
[INFO  - 2019-05-31T11:39:39.239Z] Session [c608e490-8398-11e9-be38-3d65450737b0] - page.customHeaders:  - {}
[INFO  - 2019-05-31T11:39:39.239Z] Session [c608e490-8398-11e9-be38-3d65450737b0] - Session.negotiatedCapabilities - {"browserName":"phantomjs","version":"2.1.1","driverName":"ghostdriver","driverVersion":"1.2.0","platform":"windows-10-32bit","javascriptEnabled":true,"takesScreenshot":true,"handlesAlerts":false,"databaseEnabled":false,"locationContextEnabled":false,"applicationCacheEnabled":false,"browserConnectionEnabled":false,"cssSelectorsEnabled":true,"webStorageEnabled":false,"rotatable":false,"acceptSslCerts":false,"nativeEvents":true,"proxy":{"proxyType":"direct"}}
[INFO  - 2019-05-31T11:39:39.239Z] SessionManagerReqHand - _postNewSessionCommand - New Session Created: c608e490-8398-11e9-be38-3d65450737b0
[INFO  - 2019-05-31T11:39:42.957Z] ShutdownReqHand - _handle - About to shutdown
